[DEBUG][20-11-15][org.apache.ibatis.logging.LogFactory]Logging initialized using 'class org.apache.ibatis.logging.log4j.Log4jImpl' adapter.
[DEBUG][20-11-15][org.apache.ibatis.logging.LogFactory]Logging initialized using 'class org.apache.ibatis.logging.log4j.Log4jImpl' adapter.
[DEBUG][20-11-15][org.apache.ibatis.datasource.pooled.PooledDataSource]PooledDataSource forcefully closed/removed all connections.
[DEBUG][20-11-15][org.apache.ibatis.datasource.pooled.PooledDataSource]PooledDataSource forcefully closed/removed all connections.
[DEBUG][20-11-15][org.apache.ibatis.datasource.pooled.PooledDataSource]PooledDataSource forcefully closed/removed all connections.
[DEBUG][20-11-15][org.apache.ibatis.datasource.pooled.PooledDataSource]PooledDataSource forcefully closed/removed all connections.
[DEBUG][20-11-15][org.apache.ibatis.transaction.jdbc.JdbcTransaction]Opening JDBC Connection
[DEBUG][20-11-15][org.apache.ibatis.datasource.pooled.PooledDataSource]Created connection 980138431.
[DEBUG][20-11-15][org.apache.ibatis.transaction.jdbc.JdbcTransaction]Setting autocommit to false on JDBC Connection [com.mysql.jdbc.JDBC4Connection@3a6bb9bf]
[DEBUG][20-11-15][com.UserMapper.getUserById]==>  Preparing: select * from `user` where id = ?
[DEBUG][20-11-15][com.UserMapper.getUserById]==> Parameters: 3(Integer)
[DEBUG][20-11-15][com.UserMapper.getUserById]<==      Total: 1
[DEBUG][20-11-15][org.apache.ibatis.transaction.jdbc.JdbcTransaction]Resetting autocommit to true on JDBC Connection [com.mysql.jdbc.JDBC4Connection@3a6bb9bf]
[DEBUG][20-11-15][org.apache.ibatis.transaction.jdbc.JdbcTransaction]Closing JDBC Connection [com.mysql.jdbc.JDBC4Connection@3a6bb9bf]
[DEBUG][20-11-15][org.apache.ibatis.datasource.pooled.PooledDataSource]Returned connection 980138431 to pool.
[INFO][20-11-15][com.itcast.mapper.UserMapperTest]info:进入了LOG4J
[DEBUG][20-11-15][com.itcast.mapper.UserMapperTest]debug:进入了LOG4J
[ERROR][20-11-15][com.itcast.mapper.UserMapperTest]error:进入了LOG4J
[DEBUG][20-11-15][org.apache.ibatis.logging.LogFactory]Logging initialized using 'class org.apache.ibatis.logging.log4j.Log4jImpl' adapter.
[DEBUG][20-11-15][org.apache.ibatis.logging.LogFactory]Logging initialized using 'class org.apache.ibatis.logging.log4j.Log4jImpl' adapter.
[DEBUG][20-11-15][org.apache.ibatis.datasource.pooled.PooledDataSource]PooledDataSource forcefully closed/removed all connections.
[DEBUG][20-11-15][org.apache.ibatis.datasource.pooled.PooledDataSource]PooledDataSource forcefully closed/removed all connections.
[DEBUG][20-11-15][org.apache.ibatis.datasource.pooled.PooledDataSource]PooledDataSource forcefully closed/removed all connections.
[DEBUG][20-11-15][org.apache.ibatis.datasource.pooled.PooledDataSource]PooledDataSource forcefully closed/removed all connections.
[INFO][20-11-15][com.itcast.mapper.UserMapperTest]org.apache.ibatis.session.defaults.DefaultSqlSession@5b8dfcc1
[DEBUG][20-11-15][org.apache.ibatis.transaction.jdbc.JdbcTransaction]Opening JDBC Connection
[DEBUG][20-11-15][org.apache.ibatis.datasource.pooled.PooledDataSource]Created connection 1504642150.
[DEBUG][20-11-15][org.apache.ibatis.transaction.jdbc.JdbcTransaction]Setting autocommit to false on JDBC Connection [com.mysql.jdbc.JDBC4Connection@59af0466]
[DEBUG][20-11-15][com.UserMapper.getUserById]==>  Preparing: select * from `user` where id = ?
[DEBUG][20-11-15][com.UserMapper.getUserById]==> Parameters: 3(Integer)
[DEBUG][20-11-15][com.UserMapper.getUserById]<==      Total: 1
[DEBUG][20-11-15][org.apache.ibatis.transaction.jdbc.JdbcTransaction]Resetting autocommit to true on JDBC Connection [com.mysql.jdbc.JDBC4Connection@59af0466]
[DEBUG][20-11-15][org.apache.ibatis.transaction.jdbc.JdbcTransaction]Closing JDBC Connection [com.mysql.jdbc.JDBC4Connection@59af0466]
[DEBUG][20-11-15][org.apache.ibatis.datasource.pooled.PooledDataSource]Returned connection 1504642150 to pool.
